College_predictor(my project)/app/build/intermediates/manifest_merge_blame_file/debug/processDebugMainManifest/manifest-merger-blame-debug-report.txt
1<?xml version="1.0" encoding="utf-8"?>
2<manifest xmlns:android="http://schemas.android.com/apk/res/android"
3    package="com.example.college_predictor"
4    android:versionCode="1"
5    android:versionName="1.0" >
6
7    <uses-sdk
8        android:minSdkVersion="24"
9        android:targetSdkVersion="34" />
10
11    <uses-permission android:name="android.permission.INTERNET" />
11-->src\main\AndroidManifest.xml:5:5-67
11-->src\main\AndroidManifest.xml:5:22-64
12    <uses-permission
12-->src\main\AndroidManifest.xml:6:5-107
13        android:name="android.permission.WRITE_EXTERNAL_STORAGE"
13-->src\main\AndroidManifest.xml:6:22-78
14        android:maxSdkVersion="28" />
14-->src\main\AndroidManifest.xml:6:79-105
15    <uses-permission android:name="android.permission.READ_EXTERNAL_STORAGE" />
15-->src\main\AndroidManifest.xml:7:5-80
15-->src\main\AndroidManifest.xml:7:22-77
16    <uses-permission android:name="android.permission.ACCESS_NETWORK_STATE" />
16-->[com.google.firebase:firebase-auth:23.1.0] AndroidManifest.xml:26:5-79
16-->[com.google.firebase:firebase-auth:23.1.0] AndroidManifest.xml:26:22-76
17    <uses-permission android:name="com.google.android.providers.gsf.permission.READ_GSERVICES" />
17-->[com.google.android.recaptcha:recaptcha:18.5.1] AndroidManifest.xml:9:5-98
17-->[com.google.android.recaptcha:recaptcha:18.5.1] AndroidManifest.xml:9:22-95
18
19    <permission
19-->[androidx.core:core:1.13.0] AndroidManifest.xml:22:5-24:47
20        android:name="com.example.college_predictor.DYNAMIC_RECEIVER_NOT_EXPORTED_PERMISSION"
20-->[androidx.core:core:1.13.0] AndroidManifest.xml:23:9-81
21        android:protectionLevel="signature" />
21-->[androidx.core:core:1.13.0] AndroidManifest.xml:24:9-44
22
23    <uses-permission android:name="com.example.college_predictor.DYNAMIC_RECEIVER_NOT_EXPORTED_PERMISSION" />
23-->[androidx.core:core:1.13.0] AndroidManifest.xml:26:5-97
23-->[androidx.core:core:1.13.0] AndroidManifest.xml:26:22-94
24
25    <application
25-->src\main\AndroidManifest.xml:9:5-42:19
26        android:allowBackup="true"
26-->src\main\AndroidManifest.xml:10:9-35
27        android:appComponentFactory="androidx.core.app.CoreComponentFactory"
27-->[androidx.core:core:1.13.0] AndroidManifest.xml:28:18-86
28        android:dataExtractionRules="@xml/data_extraction_rules"
28-->src\main\AndroidManifest.xml:11:9-65
29        android:debuggable="true"
30        android:extractNativeLibs="false"
31        android:fullBackupContent="@xml/backup_rules"
31-->src\main\AndroidManifest.xml:12:9-54
32        android:icon="@mipmap/ic_launcher"
32-->src\main\AndroidManifest.xml:13:9-43
33        android:label="@string/app_name"
33-->src\main\AndroidManifest.xml:14:9-41
34        android:networkSecurityConfig="@xml/network_security_config"
34-->src\main\AndroidManifest.xml:15:9-69
35        android:roundIcon="@mipmap/ic_launcher_round"
35-->src\main\AndroidManifest.xml:16:9-54
36        android:supportsRtl="true"
36-->src\main\AndroidManifest.xml:17:9-35
37        android:testOnly="true"
38        android:theme="@style/Theme.College_predictor" >
38-->src\main\AndroidManifest.xml:18:9-55
39
40        <!-- FileProvider declaration should be inside <application> -->
41        <provider
42            android:name="androidx.core.content.FileProvider"
42-->src\main\AndroidManifest.xml:23:13-62
43            android:authorities="com.example.college_predictor.provider"
43-->src\main\AndroidManifest.xml:24:13-60
44            android:exported="false"
44-->src\main\AndroidManifest.xml:25:13-37
45            android:grantUriPermissions="true" >
45-->src\main\AndroidManifest.xml:26:13-47
46            <meta-data
46-->src\main\AndroidManifest.xml:27:13-29:54
47                android:name="android.support.FILE_PROVIDER_PATHS"
47-->src\main\AndroidManifest.xml:28:17-67
48                android:resource="@xml/file_paths" />
48-->src\main\AndroidManifest.xml:29:17-51
49        </provider>
50
51        <activity
51-->src\main\AndroidManifest.xml:32:9-71
52            android:name="com.example.college_predictor.Register"
52-->src\main\AndroidManifest.xml:32:19-43
53            android:exported="false" />
53-->src\main\AndroidManifest.xml:32:44-68
54        <activity
54-->src\main\AndroidManifest.xml:33:9-68
55            android:name="com.example.college_predictor.Login"
55-->src\main\AndroidManifest.xml:33:19-40
56            android:exported="false" />
56-->src\main\AndroidManifest.xml:33:41-65
57        <activity
57-->src\main\AndroidManifest.xml:34:9-78
58            android:name="com.example.college_predictor.Displayactivity"
58-->src\main\AndroidManifest.xml:34:19-50
59            android:exported="false" />
59-->src\main\AndroidManifest.xml:34:51-75
60        <activity
60-->src\main\AndroidManifest.xml:35:9-40:20
61            android:name="com.example.college_predictor.MainActivity"
61-->src\main\AndroidManifest.xml:35:19-47
62            android:exported="true" >
62-->src\main\AndroidManifest.xml:35:48-71
63            <intent-filter>
63-->src\main\AndroidManifest.xml:36:13-39:29
64                <action android:name="android.intent.action.MAIN" />
64-->src\main\AndroidManifest.xml:37:17-69
64-->src\main\AndroidManifest.xml:37:25-66
65
66                <category android:name="android.intent.category.LAUNCHER" />
66-->src\main\AndroidManifest.xml:38:17-77
66-->src\main\AndroidManifest.xml:38:27-74
67            </intent-filter>
68        </activity>
69        <activity
69-->[com.google.firebase:firebase-auth:23.1.0] AndroidManifest.xml:29:9-46:20
70            android:name="com.google.firebase.auth.internal.GenericIdpActivity"
70-->[com.google.firebase:firebase-auth:23.1.0] AndroidManifest.xml:30:13-80
71            android:excludeFromRecents="true"
71-->[com.google.firebase:firebase-auth:23.1.0] AndroidManifest.xml:31:13-46
72            android:exported="true"
72-->[com.google.firebase:firebase-auth:23.1.0] AndroidManifest.xml:32:13-36
73            android:launchMode="singleTask"
73-->[com.google.firebase:firebase-auth:23.1.0] AndroidManifest.xml:33:13-44
74            android:theme="@android:style/Theme.Translucent.NoTitleBar" >
74-->[com.google.firebase:firebase-auth:23.1.0] AndroidManifest.xml:34:13-72
75            <intent-filter>
75-->[com.google.firebase:firebase-auth:23.1.0] AndroidManifest.xml:35:13-45:29
76                <action android:name="android.intent.action.VIEW" />
76-->[com.google.firebase:firebase-auth:23.1.0] AndroidManifest.xml:36:17-69
76-->[com.google.firebase:firebase-auth:23.1.0] AndroidManifest.xml:36:25-66
77
78                <category android:name="android.intent.category.DEFAULT" />
78-->[com.google.firebase:firebase-auth:23.1.0] AndroidManifest.xml:38:17-76
78-->[com.google.firebase:firebase-auth:23.1.0] AndroidManifest.xml:38:27-73
79                <category android:name="android.intent.category.BROWSABLE" />
79-->[com.google.firebase:firebase-auth:23.1.0] AndroidManifest.xml:39:17-78
79-->[com.google.firebase:firebase-auth:23.1.0] AndroidManifest.xml:39:27-75
80
81                <data
81-->[com.google.firebase:firebase-auth:23.1.0] AndroidManifest.xml:41:17-44:51
82                    android:host="firebase.auth"
82-->[com.google.firebase:firebase-auth:23.1.0] AndroidManifest.xml:42:21-49
83                    android:path="/"
83-->[com.google.firebase:firebase-auth:23.1.0] AndroidManifest.xml:43:21-37
84                    android:scheme="genericidp" />
84-->[com.google.firebase:firebase-auth:23.1.0] AndroidManifest.xml:44:21-48
85            </intent-filter>
86        </activity>
87        <activity
87-->[com.google.firebase:firebase-auth:23.1.0] AndroidManifest.xml:47:9-64:20
88            android:name="com.google.firebase.auth.internal.RecaptchaActivity"
88-->[com.google.firebase:firebase-auth:23.1.0] AndroidManifest.xml:48:13-79
89            android:excludeFromRecents="true"
89-->[com.google.firebase:firebase-auth:23.1.0] AndroidManifest.xml:49:13-46
90            android:exported="true"
90-->[com.google.firebase:firebase-auth:23.1.0] AndroidManifest.xml:50:13-36
91            android:launchMode="singleTask"
91-->[com.google.firebase:firebase-auth:23.1.0] AndroidManifest.xml:51:13-44
92            android:theme="@android:style/Theme.Translucent.NoTitleBar" >
92-->[com.google.firebase:firebase-auth:23.1.0] AndroidManifest.xml:52:13-72
93            <intent-filter>
93-->[com.google.firebase:firebase-auth:23.1.0] AndroidManifest.xml:53:13-63:29
94                <action android:name="android.intent.action.VIEW" />
94-->[com.google.firebase:firebase-auth:23.1.0] AndroidManifest.xml:36:17-69
94-->[com.google.firebase:firebase-auth:23.1.0] AndroidManifest.xml:36:25-66
95
96                <category android:name="android.intent.category.DEFAULT" />
96-->[com.google.firebase:firebase-auth:23.1.0] AndroidManifest.xml:38:17-76
96-->[com.google.firebase:firebase-auth:23.1.0] AndroidManifest.xml:38:27-73
97                <category android:name="android.intent.category.BROWSABLE" />
97-->[com.google.firebase:firebase-auth:23.1.0] AndroidManifest.xml:39:17-78
97-->[com.google.firebase:firebase-auth:23.1.0] AndroidManifest.xml:39:27-75
98
99                <data
99-->[com.google.firebase:firebase-auth:23.1.0] AndroidManifest.xml:41:17-44:51
100                    android:host="firebase.auth"
100-->[com.google.firebase:firebase-auth:23.1.0] AndroidManifest.xml:42:21-49
101                    android:path="/"
101-->[com.google.firebase:firebase-auth:23.1.0] AndroidManifest.xml:43:21-37
102                    android:scheme="recaptcha" />
102-->[com.google.firebase:firebase-auth:23.1.0] AndroidManifest.xml:44:21-48
103            </intent-filter>
104        </activity>
105
106        <service
106-->[com.google.firebase:firebase-auth:23.1.0] AndroidManifest.xml:66:9-72:19
107            android:name="com.google.firebase.components.ComponentDiscoveryService"
107-->[com.google.firebase:firebase-auth:23.1.0] AndroidManifest.xml:67:13-84
108            android:directBootAware="true"
108-->[com.google.firebase:firebase-common:21.0.0] AndroidManifest.xml:32:13-43
109            android:exported="false" >
109-->[com.google.firebase:firebase-auth:23.1.0] AndroidManifest.xml:68:13-37
110            <meta-data
110-->[com.google.firebase:firebase-auth:23.1.0] AndroidManifest.xml:69:13-71:85
111                android:name="com.google.firebase.components:com.google.firebase.auth.FirebaseAuthRegistrar"
111-->[com.google.firebase:firebase-auth:23.1.0] AndroidManifest.xml:70:17-109
112                android:value="com.google.firebase.components.ComponentRegistrar" />
112-->[com.google.firebase:firebase-auth:23.1.0] AndroidManifest.xml:71:17-82
113            <meta-data
113-->[com.google.firebase:firebase-common-ktx:21.0.0] AndroidManifest.xml:12:13-14:85
114                android:name="com.google.firebase.components:com.google.firebase.ktx.FirebaseCommonLegacyRegistrar"
114-->[com.google.firebase:firebase-common-ktx:21.0.0] AndroidManifest.xml:13:17-116
115                android:value="com.google.firebase.components.ComponentRegistrar" />
115-->[com.google.firebase:firebase-common-ktx:21.0.0] AndroidManifest.xml:14:17-82
116            <meta-data
116-->[com.google.firebase:firebase-common:21.0.0] AndroidManifest.xml:35:13-37:85
117                android:name="com.google.firebase.components:com.google.firebase.FirebaseCommonKtxRegistrar"
117-->[com.google.firebase:firebase-common:21.0.0] AndroidManifest.xml:36:17-109
118                android:value="com.google.firebase.components.ComponentRegistrar" />
118-->[com.google.firebase:firebase-common:21.0.0] AndroidManifest.xml:37:17-82
119        </service>
120        <service
120-->[androidx.credentials:credentials-play-services-auth:1.2.0-rc01] AndroidManifest.xml:24:9-32:19
121            android:name="androidx.credentials.playservices.CredentialProviderMetadataHolder"
121-->[androidx.credentials:credentials-play-services-auth:1.2.0-rc01] AndroidManifest.xml:25:13-94
122            android:enabled="true"
122-->[androidx.credentials:credentials-play-services-auth:1.2.0-rc01] AndroidManifest.xml:26:13-35
123            android:exported="false" >
123-->[androidx.credentials:credentials-play-services-auth:1.2.0-rc01] AndroidManifest.xml:27:13-37
124            <meta-data
124-->[androidx.credentials:credentials-play-services-auth:1.2.0-rc01] AndroidManifest.xml:29:13-31:104
125                android:name="androidx.credentials.CREDENTIAL_PROVIDER_KEY"
125-->[androidx.credentials:credentials-play-services-auth:1.2.0-rc01] AndroidManifest.xml:30:17-76
126                android:value="androidx.credentials.playservices.CredentialProviderPlayServicesImpl" />
126-->[androidx.credentials:credentials-play-services-auth:1.2.0-rc01] AndroidManifest.xml:31:17-101
127        </service>
128
129        <activity
129-->[androidx.credentials:credentials-play-services-auth:1.2.0-rc01] AndroidManifest.xml:34:9-41:20
130            android:name="androidx.credentials.playservices.HiddenActivity"
130-->[androidx.credentials:credentials-play-services-auth:1.2.0-rc01] AndroidManifest.xml:35:13-76
131            android:configChanges="orientation|screenSize|screenLayout|keyboardHidden"
131-->[androidx.credentials:credentials-play-services-auth:1.2.0-rc01] AndroidManifest.xml:36:13-87
132            android:enabled="true"
132-->[androidx.credentials:credentials-play-services-auth:1.2.0-rc01] AndroidManifest.xml:37:13-35
133            android:exported="false"
133-->[androidx.credentials:credentials-play-services-auth:1.2.0-rc01] AndroidManifest.xml:38:13-37
134            android:fitsSystemWindows="true"
134-->[androidx.credentials:credentials-play-services-auth:1.2.0-rc01] AndroidManifest.xml:39:13-45
135            android:theme="@style/Theme.Hidden" >
135-->[androidx.credentials:credentials-play-services-auth:1.2.0-rc01] AndroidManifest.xml:40:13-48
136        </activity>
137        <activity
137-->[com.google.android.gms:play-services-auth:20.7.0] AndroidManifest.xml:23:9-27:75
138            android:name="com.google.android.gms.auth.api.signin.internal.SignInHubActivity"
138-->[com.google.android.gms:play-services-auth:20.7.0] AndroidManifest.xml:24:13-93
139            android:excludeFromRecents="true"
139-->[com.google.android.gms:play-services-auth:20.7.0] AndroidManifest.xml:25:13-46
140            android:exported="false"
140-->[com.google.android.gms:play-services-auth:20.7.0] AndroidManifest.xml:26:13-37
141            android:theme="@android:style/Theme.Translucent.NoTitleBar" />
141-->[com.google.android.gms:play-services-auth:20.7.0] AndroidManifest.xml:27:13-72
142        <!--
143            Service handling Google Sign-In user revocation. For apps that do not integrate with
144            Google Sign-In, this service will never be started.
145        -->
146        <service
146-->[com.google.android.gms:play-services-auth:20.7.0] AndroidManifest.xml:33:9-37:51
147            android:name="com.google.android.gms.auth.api.signin.RevocationBoundService"
147-->[com.google.android.gms:play-services-auth:20.7.0] AndroidManifest.xml:34:13-89
148            android:exported="true"
148-->[com.google.android.gms:play-services-auth:20.7.0] AndroidManifest.xml:35:13-36
149            android:permission="com.google.android.gms.auth.api.signin.permission.REVOCATION_NOTIFICATION"
149-->[com.google.android.gms:play-services-auth:20.7.0] AndroidManifest.xml:36:13-107
150            android:visibleToInstantApps="true" />
150-->[com.google.android.gms:play-services-auth:20.7.0] AndroidManifest.xml:37:13-48
151
152        <provider
152-->[com.google.firebase:firebase-common:21.0.0] AndroidManifest.xml:23:9-28:39
153            android:name="com.google.firebase.provider.FirebaseInitProvider"
153-->[com.google.firebase:firebase-common:21.0.0] AndroidManifest.xml:24:13-77
154            android:authorities="com.example.college_predictor.firebaseinitprovider"
154-->[com.google.firebase:firebase-common:21.0.0] AndroidManifest.xml:25:13-72
155            android:directBootAware="true"
155-->[com.google.firebase:firebase-common:21.0.0] AndroidManifest.xml:26:13-43
156            android:exported="false"
156-->[com.google.firebase:firebase-common:21.0.0] AndroidManifest.xml:27:13-37
157            android:initOrder="100" />
157-->[com.google.firebase:firebase-common:21.0.0] AndroidManifest.xml:28:13-36
158
159        <activity
159-->[com.google.android.gms:play-services-base:18.0.1] AndroidManifest.xml:20:9-22:45
160            android:name="com.google.android.gms.common.api.GoogleApiActivity"
160-->[com.google.android.gms:play-services-base:18.0.1] AndroidManifest.xml:20:19-85
161            android:exported="false"
161-->[com.google.android.gms:play-services-base:18.0.1] AndroidManifest.xml:22:19-43
162            android:theme="@android:style/Theme.Translucent.NoTitleBar" />
162-->[com.google.android.gms:play-services-base:18.0.1] AndroidManifest.xml:21:19-78
163
164        <provider
164-->[androidx.emoji2:emoji2:1.3.0] AndroidManifest.xml:24:9-32:20
165            android:name="androidx.startup.InitializationProvider"
165-->[androidx.emoji2:emoji2:1.3.0] AndroidManifest.xml:25:13-67
166            android:authorities="com.example.college_predictor.androidx-startup"
166-->[androidx.emoji2:emoji2:1.3.0] AndroidManifest.xml:26:13-68
167            android:exported="false" >
167-->[androidx.emoji2:emoji2:1.3.0] AndroidManifest.xml:27:13-37
168            <meta-data
168-->[androidx.emoji2:emoji2:1.3.0] AndroidManifest.xml:29:13-31:52
169                android:name="androidx.emoji2.text.EmojiCompatInitializer"
169-->[androidx.emoji2:emoji2:1.3.0] AndroidManifest.xml:30:17-75
170                android:value="androidx.startup" />
170-->[androidx.emoji2:emoji2:1.3.0] AndroidManifest.xml:31:17-49
171            <meta-data
171-->[androidx.lifecycle:lifecycle-process:2.6.2] AndroidManifest.xml:29:13-31:52
172                android:name="androidx.lifecycle.ProcessLifecycleInitializer"
172-->[androidx.lifecycle:lifecycle-process:2.6.2] AndroidManifest.xml:30:17-78
173                android:value="androidx.startup" />
173-->[androidx.lifecycle:lifecycle-process:2.6.2] AndroidManifest.xml:31:17-49
174            <meta-data
174-->[androidx.profileinstaller:profileinstaller:1.3.1] AndroidManifest.xml:29:13-31:52
175                android:name="androidx.profileinstaller.ProfileInstallerInitializer"
175-->[androidx.profileinstaller:profileinstaller:1.3.1] AndroidManifest.xml:30:17-85
176                android:value="androidx.startup" />
176-->[androidx.profileinstaller:profileinstaller:1.3.1] AndroidManifest.xml:31:17-49
177        </provider>
178
179        <meta-data
179-->[com.google.android.gms:play-services-basement:18.4.0] AndroidManifest.xml:6:9-122
180            android:name="com.google.android.gms.version"
180-->[com.google.android.gms:play-services-basement:18.4.0] AndroidManifest.xml:6:20-65
181            android:value="@integer/google_play_services_version" />
181-->[com.google.android.gms:play-services-basement:18.4.0] AndroidManifest.xml:6:66-119
182
183        <receiver
183-->[androidx.profileinstaller:profileinstaller:1.3.1] AndroidManifest.xml:34:9-52:20
184            android:name="androidx.profileinstaller.ProfileInstallReceiver"
184-->[androidx.profileinstaller:profileinstaller:1.3.1] AndroidManifest.xml:35:13-76
185            android:directBootAware="false"
185-->[androidx.profileinstaller:profileinstaller:1.3.1] AndroidManifest.xml:36:13-44
186            android:enabled="true"
186-->[androidx.profileinstaller:profileinstaller:1.3.1] AndroidManifest.xml:37:13-35
187            android:exported="true"
187-->[androidx.profileinstaller:profileinstaller:1.3.1] AndroidManifest.xml:38:13-36
188            android:permission="android.permission.DUMP" >
188-->[androidx.profileinstaller:profileinstaller:1.3.1] AndroidManifest.xml:39:13-57
189            <intent-filter>
189-->[androidx.profileinstaller:profileinstaller:1.3.1] AndroidManifest.xml:40:13-42:29
190                <action android:name="androidx.profileinstaller.action.INSTALL_PROFILE" />
190-->[androidx.profileinstaller:profileinstaller:1.3.1] AndroidManifest.xml:41:17-91
190-->[androidx.profileinstaller:profileinstaller:1.3.1] AndroidManifest.xml:41:25-88
191            </intent-filter>
192            <intent-filter>
192-->[androidx.profileinstaller:profileinstaller:1.3.1] AndroidManifest.xml:43:13-45:29
193                <action android:name="androidx.profileinstaller.action.SKIP_FILE" />
193-->[androidx.profileinstaller:profileinstaller:1.3.1] AndroidManifest.xml:44:17-85
193-->[androidx.profileinstaller:profileinstaller:1.3.1] AndroidManifest.xml:44:25-82
194            </intent-filter>
195            <intent-filter>
195-->[androidx.profileinstaller:profileinstaller:1.3.1] AndroidManifest.xml:46:13-48:29
196                <action android:name="androidx.profileinstaller.action.SAVE_PROFILE" />
196-->[androidx.profileinstaller:profileinstaller:1.3.1] AndroidManifest.xml:47:17-88
196-->[androidx.profileinstaller:profileinstaller:1.3.1] AndroidManifest.xml:47:25-85
197            </intent-filter>
198            <intent-filter>
198-->[androidx.profileinstaller:profileinstaller:1.3.1] AndroidManifest.xml:49:13-51:29
199                <action android:name="androidx.profileinstaller.action.BENCHMARK_OPERATION" />
199-->[androidx.profileinstaller:profileinstaller:1.3.1] AndroidManifest.xml:50:17-95
199-->[androidx.profileinstaller:profileinstaller:1.3.1] AndroidManifest.xml:50:25-92
200            </intent-filter>
201        </receiver> <!-- The activities will be merged into the manifest of the hosting app. -->
202        <activity
202-->[com.google.android.play:core-common:2.0.3] AndroidManifest.xml:14:9-18:65
203            android:name="com.google.android.play.core.common.PlayCoreDialogWrapperActivity"
203-->[com.google.android.play:core-common:2.0.3] AndroidManifest.xml:15:13-93
204            android:exported="false"
204-->[com.google.android.play:core-common:2.0.3] AndroidManifest.xml:16:13-37
205            android:stateNotNeeded="true"
205-->[com.google.android.play:core-common:2.0.3] AndroidManifest.xml:17:13-42
206            android:theme="@style/Theme.PlayCore.Transparent" />
206-->[com.google.android.play:core-common:2.0.3] AndroidManifest.xml:18:13-62
207    </application>
208
209</manifest>